0 info it worked if it ends with ok
1 verbose cli [
1 verbose cli   'C:\\Program Files\\nodejs\\node.exe',
1 verbose cli   'C:\\Users\\USER\\WEB\\node_modules\\npm\\bin\\npm-cli.js',
1 verbose cli   'run',
1 verbose cli   'build'
1 verbose cli ]
2 info using npm@2.15.12
3 info using node@v21.7.3
4 verbose stack Error: missing script: build
4 verbose stack     at run (C:\Users\USER\WEB\node_modules\npm\lib\run-script.js:142:19)
4 verbose stack     at C:\Users\USER\WEB\node_modules\npm\lib\run-script.js:58:5
4 verbose stack     at C:\Users\USER\WEB\node_modules\npm\node_modules\read-package-json\read-json.js:356:5
4 verbose stack     at checkBinReferences_ (C:\Users\USER\WEB\node_modules\npm\node_modules\read-package-json\read-json.js:320:45)
4 verbose stack     at final (C:\Users\USER\WEB\node_modules\npm\node_modules\read-package-json\read-json.js:354:3)
4 verbose stack     at then (C:\Users\USER\WEB\node_modules\npm\node_modules\read-package-json\read-json.js:124:5)
4 verbose stack     at C:\Users\USER\WEB\node_modules\npm\node_modules\read-package-json\read-json.js:243:12
4 verbose stack     at C:\Users\USER\WEB\node_modules\npm\node_modules\graceful-fs\graceful-fs.js:78:16
4 verbose stack     at FSReqCallback.readFileAfterClose [as oncomplete] (node:internal/fs/read/context:68:3)
5 verbose cwd C:\Users\USER\WEB\JobQuest
6 error Windows_NT 10.0.19045
7 error argv "C:\\Program Files\\nodejs\\node.exe" "C:\\Users\\USER\\WEB\\node_modules\\npm\\bin\\npm-cli.js" "run" "build"
8 error node v21.7.3
9 error npm  v2.15.12
10 error missing script: build
11 error If you need help, you may report this error at:
11 error     <https://github.com/npm/npm/issues>
12 verbose exit [ 1, true ]
